[debug] [2020-02-09T16:14:55.218Z] ----------------------------------------------------------------------
[debug] [2020-02-09T16:14:55.220Z] Command:       C:\Program Files\nodejs\node.exe C:\Users\haith\AppData\Roaming\npm\node_modules\firebase-tools\lib\bin\firebase.js deploy
[debug] [2020-02-09T16:14:55.220Z] CLI Version:   7.12.0
[debug] [2020-02-09T16:14:55.220Z] Platform:      win32
[debug] [2020-02-09T16:14:55.220Z] Node Version:  v12.3.1
[debug] [2020-02-09T16:14:55.222Z] Time:          Sun Feb 09 2020 17:14:55 GMT+0100 (GMT+01:00)
[debug] [2020-02-09T16:14:55.222Z] ----------------------------------------------------------------------
[debug] [2020-02-09T16:14:55.222Z] 
[debug] [2020-02-09T16:14:55.237Z] > command requires scopes: ["email","openid","https://www.googleapis.com/auth/cloudplatformprojects.readonly","https://www.googleapis.com/auth/firebase","https://www.googleapis.com/auth/cloud-platform"]
[debug] [2020-02-09T16:14:55.238Z] > authorizing via signed-in user
[debug] [2020-02-09T16:14:55.238Z] [iam] checking project domiciliation-b2f4c for permissions ["cloudfunctions.functions.create","cloudfunctions.functions.delete","cloudfunctions.functions.get","cloudfunctions.functions.list","cloudfunctions.functions.update","cloudfunctions.operations.get","firebase.projects.get","firebasehosting.sites.update"]
[debug] [2020-02-09T16:14:55.239Z] > refreshing access token with scopes: ["email","https://www.googleapis.com/auth/cloud-platform","https://www.googleapis.com/auth/cloudplatformprojects.readonly","https://www.googleapis.com/auth/firebase","openid"]
[debug] [2020-02-09T16:14:55.240Z] >>> HTTP REQUEST POST https://www.googleapis.com/oauth2/v3/token  
 <request body omitted>
[debug] [2020-02-09T16:14:55.490Z] <<< HTTP RESPONSE 200
[debug] [2020-02-09T16:14:55.509Z] >>> HTTP REQUEST POST https://cloudresourcemanager.googleapis.com/v1/projects/domiciliation-b2f4c:testIamPermissions  

[debug] [2020-02-09T16:14:56.409Z] <<< HTTP RESPONSE 200
[debug] [2020-02-09T16:14:56.410Z] >>> HTTP REQUEST GET https://firebase.googleapis.com/v1beta1/projects/domiciliation-b2f4c  
 
[debug] [2020-02-09T16:14:56.878Z] <<< HTTP RESPONSE 200
[info] 
[info] === Deploying to 'domiciliation-b2f4c'...
[info] 
[info] i  deploying functions, hosting
[info] Running command: npm --prefix "$RESOURCE_DIR" run lint
[info] Running command: npm --prefix "$RESOURCE_DIR" run build:prod
